<?xml version="1.0" encoding="UTF-8"?>
<testsuite xmlns:xsi="http://www.w3.org/2001/XMLSchema-instance" xsi:schemaLocation="https://maven.apache.org/surefire/maven-surefire-plugin/xsd/surefire-test-report.xsd" name="com.luxoft.junit5.bank.BankTest" time="0.266" tests="26" errors="0" skipped="0" failures="0">
  <properties>
[...]
</properties>
  <testcase name="testPremiumCreditOfferVipCustomer" classname="com.luxoft.junit5.bank.BankTest$PremiumCreditOfferTest$VipCustomer" time="0.031"/>
  <testcase name="testPremiumCreditOfferVipCustomerAddedOnlyOnce" classname="testPremiumCreditOfferVipCustomerAddedOnlyOnce(RepetitionInfo)" time="0"/>
  <testcase name="testPremiumCreditOfferVipCustomerAddedOnlyOnce" classname="testPremiumCreditOfferVipCustomerAddedOnlyOnce(RepetitionInfo)" time="0"/>
  <testcase name="testPremiumCreditOfferVipCustomerAddedOnlyOnce" classname="testPremiumCreditOfferVipCustomerAddedOnlyOnce(RepetitionInfo)" time="0"/>
  <testcase name="testPremiumCreditOfferVipCustomerAddedOnlyOnce" classname="testPremiumCreditOfferVipCustomerAddedOnlyOnce(RepetitionInfo)" time="0"/>
  <testcase name="testPremiumCreditOfferVipCustomerAddedOnlyOnce" classname="testPremiumCreditOfferVipCustomerAddedOnlyOnce(RepetitionInfo)" time="0.015"/>
  <testcase name="testPremiumCreditOfferUsualCustomer" classname="com.luxoft.junit5.bank.BankTest$PremiumCreditOfferTest$UsualCustomer" time="0.016"/>
  <testcase name="testBusinessCreditOfferVipCustomerAddedOnlyOnce" classname="testBusinessCreditOfferVipCustomerAddedOnlyOnce(RepetitionInfo)" time="0"/>
  <testcase name="testBusinessCreditOfferVipCustomerAddedOnlyOnce" classname="testBusinessCreditOfferVipCustomerAddedOnlyOnce(RepetitionInfo)" time="0"/>
  <testcase name="testBusinessCreditOfferVipCustomerAddedOnlyOnce" classname="testBusinessCreditOfferVipCustomerAddedOnlyOnce(RepetitionInfo)" time="0"/>
  <testcase name="testBusinessCreditOfferVipCustomerAddedOnlyOnce" classname="testBusinessCreditOfferVipCustomerAddedOnlyOnce(RepetitionInfo)" time="0"/>
  <testcase name="testBusinessCreditOfferVipCustomerAddedOnlyOnce" classname="testBusinessCreditOfferVipCustomerAddedOnlyOnce(RepetitionInfo)" time="0"/>
  <testcase name="testBusinessCreditOfferVipCustomer" classname="com.luxoft.junit5.bank.BankTest$BusinessCreditOfferTest$VipCustomer" time="0"/>
  <testcase name="testBusinessCreditOfferUsualCustomer" classname="com.luxoft.junit5.bank.BankTest$BusinessCreditOfferTest$UsualCustomer" time="0.015"/>
  <testcase name="testEconomyCreditOfferVipCustomerAddedOnlyOnce" classname="testEconomyCreditOfferVipCustomerAddedOnlyOnce(RepetitionInfo)" time="0"/>
  <testcase name="testEconomyCreditOfferVipCustomerAddedOnlyOnce" classname="testEconomyCreditOfferVipCustomerAddedOnlyOnce(RepetitionInfo)" time="0"/>
  <testcase name="testEconomyCreditOfferVipCustomerAddedOnlyOnce" classname="testEconomyCreditOfferVipCustomerAddedOnlyOnce(RepetitionInfo)" time="0"/>
  <testcase name="testEconomyCreditOfferVipCustomerAddedOnlyOnce" classname="testEconomyCreditOfferVipCustomerAddedOnlyOnce(RepetitionInfo)" time="0"/>
  <testcase name="testEconomyCreditOfferVipCustomerAddedOnlyOnce" classname="testEconomyCreditOfferVipCustomerAddedOnlyOnce(RepetitionInfo)" time="0"/>
  <testcase name="testEconomyCreditOfferVipCustomer" classname="com.luxoft.junit5.bank.BankTest$EconomyCreditOfferTest$VipCustomer" time="0.016"/>
  <testcase name="testEconomyCreditOfferUsualCustomerAddedOnlyOnce" classname="testEconomyCreditOfferUsualCustomerAddedOnlyOnce(RepetitionInfo)" time="0"/>
  <testcase name="testEconomyCreditOfferUsualCustomerAddedOnlyOnce" classname="testEconomyCreditOfferUsualCustomerAddedOnlyOnce(RepetitionInfo)" time="0"/>
  <testcase name="testEconomyCreditOfferUsualCustomerAddedOnlyOnce" classname="testEconomyCreditOfferUsualCustomerAddedOnlyOnce(RepetitionInfo)" time="0"/>
  <testcase name="testEconomyCreditOfferUsualCustomerAddedOnlyOnce" classname="testEconomyCreditOfferUsualCustomerAddedOnlyOnce(RepetitionInfo)" time="0"/>
  <testcase name="testEconomyCreditOfferUsualCustomerAddedOnlyOnce" classname="testEconomyCreditOfferUsualCustomerAddedOnlyOnce(RepetitionInfo)" time="0"/>
  <testcase name="testEconomyCreditOfferUsualCustomer" classname="com.luxoft.junit5.bank.BankTest$EconomyCreditOfferTest$UsualCustomer" time="0.016"/>
</testsuite>